e:\bt ctdlvagt\đề tài 18_đồ án\project_git\karaokemanagement\cpp\ql_karaoke\ql_karaoke\x64\debug\vc143.pdb
e:\bt ctdlvagt\đề tài 18_đồ án\project_git\karaokemanagement\cpp\ql_karaoke\ql_karaoke\x64\debug\vc143.idb
e:\bt ctdlvagt\đề tài 18_đồ án\project_git\karaokemanagement\cpp\ql_karaoke\ql_karaoke\x64\debug\thongkedt.obj
e:\bt ctdlvagt\đề tài 18_đồ án\project_git\karaokemanagement\cpp\ql_karaoke\ql_karaoke\x64\debug\phonghat.obj
e:\bt ctdlvagt\đề tài 18_đồ án\project_git\karaokemanagement\cpp\ql_karaoke\ql_karaoke\x64\debug\main.obj
e:\bt ctdlvagt\đề tài 18_đồ án\project_git\karaokemanagement\cpp\ql_karaoke\ql_karaoke\x64\debug\khachhang.obj
e:\bt ctdlvagt\đề tài 18_đồ án\project_git\karaokemanagement\cpp\ql_karaoke\ql_karaoke\x64\debug\hoadon.obj
e:\bt ctdlvagt\đề tài 18_đồ án\project_git\karaokemanagement\cpp\ql_karaoke\ql_karaoke\x64\debug\hanghoa.obj
e:\bt ctdlvagt\đề tài 18_đồ án\project_git\karaokemanagement\cpp\ql_karaoke\ql_karaoke\x64\debug\common.obj
e:\bt ctdlvagt\đề tài 18_đồ án\project_git\karaokemanagement\cpp\ql_karaoke\ql_karaoke\x64\debug\chitiethoadon.obj
e:\bt ctdlvagt\đề tài 18_đồ án\project_git\karaokemanagement\cpp\ql_karaoke\x64\debug\ql_karaoke.exe
e:\bt ctdlvagt\đề tài 18_đồ án\project_git\karaokemanagement\cpp\ql_karaoke\x64\debug\ql_karaoke.pdb
e:\bt ctdlvagt\đề tài 18_đồ án\project_git\karaokemanagement\cpp\ql_karaoke\ql_karaoke\x64\debug\ql_karaoke.ilk
e:\bt ctdlvagt\đề tài 18_đồ án\project_git\karaokemanagement\cpp\ql_karaoke\ql_karaoke\x64\debug\ql_karaoke.tlog\cl.command.1.tlog
e:\bt ctdlvagt\đề tài 18_đồ án\project_git\karaokemanagement\cpp\ql_karaoke\ql_karaoke\x64\debug\ql_karaoke.tlog\cl.items.tlog
e:\bt ctdlvagt\đề tài 18_đồ án\project_git\karaokemanagement\cpp\ql_karaoke\ql_karaoke\x64\debug\ql_karaoke.tlog\cl.read.1.tlog
e:\bt ctdlvagt\đề tài 18_đồ án\project_git\karaokemanagement\cpp\ql_karaoke\ql_karaoke\x64\debug\ql_karaoke.tlog\cl.write.1.tlog
e:\bt ctdlvagt\đề tài 18_đồ án\project_git\karaokemanagement\cpp\ql_karaoke\ql_karaoke\x64\debug\ql_karaoke.tlog\link.command.1.tlog
e:\bt ctdlvagt\đề tài 18_đồ án\project_git\karaokemanagement\cpp\ql_karaoke\ql_karaoke\x64\debug\ql_karaoke.tlog\link.read.1.tlog
e:\bt ctdlvagt\đề tài 18_đồ án\project_git\karaokemanagement\cpp\ql_karaoke\ql_karaoke\x64\debug\ql_karaoke.tlog\link.secondary.1.tlog
e:\bt ctdlvagt\đề tài 18_đồ án\project_git\karaokemanagement\cpp\ql_karaoke\ql_karaoke\x64\debug\ql_karaoke.tlog\link.write.1.tlog
